#-----------------------------------------------------------
# Vivado v2018.2 (64-bit)
# SW Build 2258646 on Thu Jun 14 20:02:38 MDT 2018
# IP Build 2256618 on Thu Jun 14 22:10:49 MDT 2018
# Start of session at: Thu Jul 16 20:51:59 2020
# Process ID: 17211
# Current directory: /root/projects/PvS-FE/src/contrib-projects/sume-sdnet-switch/projects/l2_router_firewall_int/simple_sume_switch/hw
# Command line: vivado -mode tcl -source tcl/export_hardware.tcl -tclargs simple_sume_switch
# Log file: /root/projects/PvS-FE/src/contrib-projects/sume-sdnet-switch/projects/l2_router_firewall_int/simple_sume_switch/hw/vivado.log
# Journal file: /root/projects/PvS-FE/src/contrib-projects/sume-sdnet-switch/projects/l2_router_firewall_int/simple_sume_switch/hw/vivado.jou
#-----------------------------------------------------------
source tcl/export_hardware.tcl
# set design [lindex $argv 0] 
# puts "\nOpening $design XPR project\n"

Opening simple_sume_switch XPR project

# open_project project/$design.xpr
Scanning sources...
Finished scanning sources
INFO: [IP_Flow 19-234] Refreshing IP repositories
INFO: [IP_Flow 19-1700] Loaded user IP repository '/root/projects/PvS-FE/src/contrib-projects/sume-sdnet-switch/projects/l2_router_firewall_int/simple_sume_switch/hw/ip_repo'.
INFO: [IP_Flow 19-2313] Loaded Vivado IP repository '/opt/Xilinx/Vivado/2018.2/data/ip'.
WARNING: [IP_Flow 19-3664] IP 'bd_7ad4_xpcs_0' generated file not found '/root/projects/PvS-FE/src/contrib-projects/sume-sdnet-switch/projects/l2_router_firewall_int/simple_sume_switch/hw/.Xil/Vivado-19201-mateus-ufrgs-ubuntu14/coregen/bd_7ad4_xpcs_0_1/elaborate/configure_gt.tcl'. Please regenerate to continue.
WARNING: [IP_Flow 19-3664] IP 'bd_a1aa_xpcs_0' generated file not found '/root/projects/PvS-FE/src/contrib-projects/sume-sdnet-switch/projects/l2_router_firewall_int/simple_sume_switch/hw/.Xil/Vivado-19201-mateus-ufrgs-ubuntu14/coregen/bd_a1aa_xpcs_0_2/elaborate/configure_gt.tcl'. Please regenerate to continue.
open_project: Time (s): cpu = 00:00:05 ; elapsed = 00:00:07 . Memory (MB): peak = 1371.473 ; gain = 185.207 ; free physical = 10274 ; free virtual = 13574
# puts "\nOpening $design Implementation design\n"

Opening simple_sume_switch Implementation design

# open_run impl_1
INFO: [Netlist 29-17] Analyzing 10353 Unisim elements for replacement
INFO: [Netlist 29-28] Unisim Transformation completed in 1 CPU seconds
INFO: [Project 1-479] Netlist was created with Vivado 2018.2
INFO: [Device 21-403] Loading part xc7vx690tffg1761-3
INFO: [Project 1-570] Preparing netlist for logic optimization
INFO: [Timing 38-478] Restoring timing data from binary archive.
INFO: [Timing 38-479] Binary timing data restore complete.
INFO: [Project 1-856] Restoring constraints from binary archive.
INFO: [Project 1-853] Binary constraint restore complete.
Reading XDEF placement.
Reading placer database...
Reading XDEF routing.
Read XDEF File: Time (s): cpu = 00:00:22 ; elapsed = 00:00:22 . Memory (MB): peak = 5507.586 ; gain = 638.641 ; free physical = 6139 ; free virtual = 9799
Restored from archive | CPU: 22.210000 secs | Memory: 640.372810 MB |
Finished XDEF File Restore: Time (s): cpu = 00:00:22 ; elapsed = 00:00:22 . Memory (MB): peak = 5507.586 ; gain = 638.641 ; free physical = 6129 ; free virtual = 9797
Generating merged BMM file for the design top 'top'...
INFO: [Memdata 28-144] Successfully populated the BRAM INIT strings from the following elf files: /root/projects/PvS-FE/src/contrib-projects/sume-sdnet-switch/projects/l2_router_firewall_int/simple_sume_switch/hw/project/simple_sume_switch.srcs/sources_1/bd/control_sub/ip/control_sub_microblaze_0_0/data/mb_bootloop_le.elf 
INFO: [Project 1-111] Unisim Transformation Summary:
  A total of 2626 instances were transformed.
  IOBUF => IOBUF (IBUF, OBUFT): 2 instances
  LUT6_2 => LUT6_2 (LUT5, LUT6): 79 instances
  RAM128X1D => RAM128X1D (RAMD64E, RAMD64E, MUXF7, MUXF7, RAMD64E, RAMD64E): 96 instances
  RAM16X1D => RAM32X1D (RAMD32, RAMD32): 32 instances
  RAM32M => RAM32M (RAMD32, RAMD32, RAMD32, RAMD32, RAMD32, RAMD32, RAMS32, RAMS32): 753 instances
  RAM32X1D => RAM32X1D (RAMD32, RAMD32): 2 instances
  RAM64M => RAM64M (RAMD64E, RAMD64E, RAMD64E, RAMD64E): 1345 instances
  RAM64X1D => RAM64X1D (RAMD64E, RAMD64E): 308 instances
  RAM64X1S => RAM64X1S (RAMS64E): 8 instances
  SRLC16E => SRL16E: 1 instances

open_run: Time (s): cpu = 00:02:12 ; elapsed = 00:03:05 . Memory (MB): peak = 6259.953 ; gain = 4888.480 ; free physical = 6223 ; free virtual = 9917
# puts "\nCopying top.sysdef\n"

Copying top.sysdef

# file copy -force ./project/$design.runs/impl_1/top.sysdef ../sw/embedded/$design.hdf
# exit
INFO: [Common 17-206] Exiting Vivado at Thu Jul 16 20:55:17 2020...
